<?xml version="1.0" encoding="UTF-8"?>
<!-- Generated by org.testng.reporters.JUnitReportReporter -->
<testsuite hostname="LAPTOP-KFRFONK0" name="com.workable.movierama.tests.ResultsDisplayTest" tests="2" failures="0" timestamp="19 Aug 2016 05:22:55 GMT" time="10.599" errors="0">
  <testcase name="testPageNavigation" time="7.222" classname="com.workable.movierama.tests.ResultsDisplayTest"/>
  <testcase name="testPageNumberSelection" time="3.377" classname="com.workable.movierama.tests.ResultsDisplayTest"/>
</testsuite> <!-- com.workable.movierama.tests.ResultsDisplayTest -->
