<?xml version="1.0" encoding="UTF-8"?>
<!-- Generated by org.testng.reporters.JUnitReportReporter -->
<testsuite hostname="LAPTOP-KFRFONK0" name="com.workable.movierama.tests.MovieElementsTest" tests="1" failures="0" timestamp="18 Aug 2016 21:03:33 GMT" time="0.014" errors="0">
  <testcase name="testMovieRama" time="0.014" classname="com.workable.movierama.tests.MovieElementsTest"/>
</testsuite> <!-- com.workable.movierama.tests.MovieElementsTest -->
