<?xml version="1.0" encoding="UTF-8"?>
<!-- Generated by org.testng.reporters.JUnitReportReporter -->
<testsuite hostname="LAPTOP-KFRFONK0" name="com.workable.movierama.tests.PageNavigationTest" tests="2" failures="0" timestamp="19 Aug 2016 05:24:06 GMT" time="10.240" errors="0">
  <testcase name="testPageNumberSelection" time="3.261" classname="com.workable.movierama.tests.PageNavigationTest"/>
  <testcase name="testPageNavigation" time="6.979" classname="com.workable.movierama.tests.PageNavigationTest"/>
</testsuite> <!-- com.workable.movierama.tests.PageNavigationTest -->
