<?xml version="1.0" encoding="UTF-8"?>
<!-- Generated by org.testng.reporters.JUnitReportReporter -->
<testsuite hostname="LAPTOP-KFRFONK0" name="com.workable.movierama.tests.MovieRamaTest" tests="1" failures="0" timestamp="19 Aug 2016 05:41:07 GMT" time="19.820" errors="0">
  <testcase name="testMovieRama" time="19.820" classname="com.workable.movierama.tests.MovieRamaTest"/>
</testsuite> <!-- com.workable.movierama.tests.MovieRamaTest -->
