<?xml version="1.0" encoding="UTF-8"?>
<!-- Generated by org.testng.reporters.JUnitReportReporter -->
<testsuite hostname="LAPTOP-KFRFONK0" name="com.workable.movierama.tests.MovieCharacteristicsTest" tests="4" failures="0" timestamp="18 Aug 2016 18:30:03 GMT" time="2.774" errors="0">
  <testcase name="testMovieRama" time="0.392" classname="com.workable.movierama.tests.MovieCharacteristicsTest"/>
  <testcase name="testMovieRama" time="0.432" classname="com.workable.movierama.tests.MovieCharacteristicsTest"/>
  <testcase name="testMovieRama" time="1.357" classname="com.workable.movierama.tests.MovieCharacteristicsTest"/>
  <testcase name="testMovieRama" time="0.593" classname="com.workable.movierama.tests.MovieCharacteristicsTest"/>
</testsuite> <!-- com.workable.movierama.tests.MovieCharacteristicsTest -->
